[2026-02-01 00:14:42,711: INFO: common: yaml file: configs\config.yaml loaded successfully]
[2026-02-01 00:14:42,732: INFO: common: yaml file: params.yaml loaded successfully]
[2026-02-01 00:14:42,734: INFO: common: created directory at: artifacts]
[2026-02-01 00:14:42,735: INFO: common: created directory at: artifacts/crawl_data]
[2026-02-01 00:15:34,899: INFO: common: yaml file: configs\config.yaml loaded successfully]
[2026-02-01 00:15:34,902: INFO: common: yaml file: params.yaml loaded successfully]
[2026-02-01 00:15:34,903: INFO: common: created directory at: artifacts]
[2026-02-01 00:15:34,904: INFO: common: created directory at: artifacts/crawl_data]
[2026-02-01 00:15:42,665: INFO: common: yaml file: configs\config.yaml loaded successfully]
[2026-02-01 00:15:42,681: INFO: common: yaml file: params.yaml loaded successfully]
[2026-02-01 00:15:42,683: INFO: common: created directory at: artifacts]
[2026-02-01 00:15:42,684: INFO: common: created directory at: artifacts/crawl_data]
[2026-02-01 00:16:11,193: INFO: common: yaml file: configs\config.yaml loaded successfully]
[2026-02-01 00:16:11,195: INFO: common: yaml file: params.yaml loaded successfully]
[2026-02-01 00:16:11,196: INFO: common: created directory at: artifacts]
[2026-02-01 00:16:11,197: INFO: common: created directory at: artifacts/crawl_data]
[2026-02-01 00:38:14,248: INFO: main: >>>>>> Stage Crawl data started <<<<<<]
[2026-02-01 00:38:14,250: INFO: common: yaml file: configs\config.yaml loaded successfully]
[2026-02-01 00:38:14,253: INFO: common: yaml file: params.yaml loaded successfully]
[2026-02-01 00:38:14,254: INFO: common: created directory at: artifacts]
[2026-02-01 00:38:14,255: INFO: common: created directory at: artifacts/crawl_data]
[2026-02-01 00:38:14,256: INFO: main: >>>>>> Stage Crawl data completed <<<<<<

x==========x]
[2026-02-01 00:38:35,523: INFO: main: >>>>>> Stage Crawl data started <<<<<<]
[2026-02-01 00:38:35,524: INFO: common: yaml file: configs\config.yaml loaded successfully]
[2026-02-01 00:38:35,543: INFO: common: yaml file: params.yaml loaded successfully]
[2026-02-01 00:38:35,543: INFO: common: created directory at: artifacts]
[2026-02-01 00:38:35,544: INFO: common: created directory at: artifacts/crawl_data]
[2026-02-01 02:01:36,918: INFO: main: >>>>>> Stage Crawl data completed <<<<<<

x==========x]
[2026-02-01 11:34:54,115: INFO: main: >>>>>> Stage Crawl data started <<<<<<]
[2026-02-01 11:34:54,116: INFO: common: yaml file: configs\config.yaml loaded successfully]
[2026-02-01 11:34:54,119: INFO: common: yaml file: params.yaml loaded successfully]
[2026-02-01 11:34:54,120: INFO: common: created directory at: artifacts]
[2026-02-01 11:34:54,121: INFO: common: created directory at: data]
[2026-02-01 22:50:59,990: INFO: common: yaml file: configs\config.yaml loaded successfully]
[2026-02-01 22:50:59,997: INFO: common: yaml file: params.yaml loaded successfully]
[2026-02-01 22:50:59,999: INFO: common: created directory at: artifacts]
[2026-02-01 22:51:00,000: INFO: common: created directory at: artifacts/data_process]
[2026-02-01 22:51:42,593: INFO: common: yaml file: configs\config.yaml loaded successfully]
[2026-02-01 22:51:42,600: INFO: common: yaml file: params.yaml loaded successfully]
[2026-02-01 22:51:42,603: INFO: common: created directory at: artifacts]
[2026-02-01 22:51:42,604: INFO: common: created directory at: artifacts/data_process]
[2026-02-01 22:53:55,502: INFO: common: yaml file: configs\config.yaml loaded successfully]
[2026-02-01 22:53:55,508: INFO: common: yaml file: params.yaml loaded successfully]
[2026-02-01 22:53:55,511: INFO: common: created directory at: artifacts]
[2026-02-01 22:53:55,513: INFO: common: created directory at: artifacts/data_process]
[2026-02-01 22:55:10,897: INFO: common: yaml file: configs\config.yaml loaded successfully]
[2026-02-01 22:55:10,902: INFO: common: yaml file: params.yaml loaded successfully]
[2026-02-01 22:55:10,904: INFO: common: created directory at: artifacts]
[2026-02-01 22:55:10,905: INFO: common: created directory at: artifacts/data_process]
[2026-02-02 00:03:44,482: INFO: common: yaml file: configs\config.yaml loaded successfully]
[2026-02-02 00:03:44,488: INFO: common: yaml file: params.yaml loaded successfully]
[2026-02-02 00:03:44,489: INFO: common: created directory at: artifacts]
[2026-02-02 00:03:44,491: INFO: common: created directory at: artifacts/data_process]
[2026-02-02 00:05:31,675: INFO: common: yaml file: configs\config.yaml loaded successfully]
[2026-02-02 00:05:31,682: INFO: common: yaml file: params.yaml loaded successfully]
[2026-02-02 00:05:31,684: INFO: common: created directory at: artifacts]
[2026-02-02 00:05:31,687: INFO: common: created directory at: artifacts/data_process]
[2026-02-02 00:37:13,736: INFO: crawldata: >>>>>> Stage Crawl data started <<<<<<]
[2026-02-02 00:37:13,740: INFO: common: yaml file: configs\config.yaml loaded successfully]
[2026-02-02 00:37:13,750: INFO: common: yaml file: params.yaml loaded successfully]
[2026-02-02 00:37:13,752: INFO: common: created directory at: artifacts]
[2026-02-02 00:37:13,752: INFO: common: created directory at: data]
[2026-02-02 00:37:13,753: INFO: crawldata: >>>>>> Stage Crawl data completed <<<<<<

x==========x]
[2026-02-02 00:38:53,769: INFO: main: >>>>>> Stage Process data started <<<<<<]
[2026-02-02 00:38:53,771: INFO: common: yaml file: configs\config.yaml loaded successfully]
[2026-02-02 00:38:53,774: INFO: common: yaml file: params.yaml loaded successfully]
[2026-02-02 00:38:53,774: INFO: common: created directory at: artifacts]
[2026-02-02 00:38:53,775: INFO: common: created directory at: artifacts/data_process]
[2026-02-02 00:39:51,341: INFO: common: yaml file: configs\config.yaml loaded successfully]
[2026-02-02 00:39:51,348: INFO: common: yaml file: params.yaml loaded successfully]
[2026-02-02 00:39:51,351: INFO: common: created directory at: artifacts]
[2026-02-02 00:39:51,352: INFO: common: created directory at: artifacts/data_process]
[2026-02-02 00:44:20,530: INFO: common: yaml file: configs\config.yaml loaded successfully]
[2026-02-02 00:44:20,540: INFO: common: yaml file: params.yaml loaded successfully]
[2026-02-02 00:44:20,543: INFO: common: created directory at: artifacts]
[2026-02-02 00:44:20,544: INFO: common: created directory at: artifacts/data_process]
[2026-02-02 01:00:50,182: INFO: common: yaml file: configs\config.yaml loaded successfully]
[2026-02-02 01:00:50,192: INFO: common: yaml file: params.yaml loaded successfully]
[2026-02-02 01:00:50,194: INFO: common: created directory at: artifacts]
[2026-02-02 01:00:50,197: INFO: common: created directory at: artifacts/data_process]
[2026-02-02 01:04:15,001: INFO: common: yaml file: configs\config.yaml loaded successfully]
[2026-02-02 01:04:15,006: INFO: common: yaml file: params.yaml loaded successfully]
[2026-02-02 01:04:15,008: INFO: common: created directory at: artifacts]
[2026-02-02 01:04:15,010: INFO: common: created directory at: artifacts/data_process]
[2026-02-02 01:04:34,048: INFO: common: yaml file: configs\config.yaml loaded successfully]
[2026-02-02 01:04:34,054: INFO: common: yaml file: params.yaml loaded successfully]
[2026-02-02 01:04:34,056: INFO: common: created directory at: artifacts]
[2026-02-02 01:04:34,059: INFO: common: created directory at: artifacts/data_process]
[2026-02-02 01:06:51,500: INFO: main: >>>>>> Stage Process data started <<<<<<]
[2026-02-02 01:06:51,502: INFO: common: yaml file: configs\config.yaml loaded successfully]
[2026-02-02 01:06:51,504: INFO: common: yaml file: params.yaml loaded successfully]
[2026-02-02 01:06:51,506: INFO: common: created directory at: artifacts]
[2026-02-02 01:06:51,506: INFO: common: created directory at: artifacts/data_process]
[2026-02-02 01:06:59,273: INFO: main: >>>>>> Stage Process data completed <<<<<<

x==========x]
